** Message: environement.vala:58: Exporting primary_variable
** Message: environement.vala:59: desktop_environnement XDG_CURRENT_DESKTOP
** Message: environement.vala:149: confir_dirs is null, export : /etc/xdg
** Message: environement.vala:183: Exporting XDG_CONFIG_DIRS
** Message: environement.vala:217: custom_data :
** Message: environement.vala:218: data_dirs :/usr/local/share:/usr/share/raspi-ui-overrides:/usr/share:/usr/share/gdm:/var/lib/menu-xdg
** Message: environement.vala:219: data_dirs not null, export : /usr/local/share:/usr/share/raspi-ui-overrides:/usr/share:/usr/share/gdm:/var/lib/menu-xdg
** Message: environement.vala:224: Exporting XDG_DATA_DIRS
** Message: utils.vala:68: User config used : /home/pi/.config/lxsession/LXDE-pi/desktop.conf
** Message: utils.vala:89: Final file used : /home/pi/.config/lxsession/LXDE-pi/desktop.conf
** Message: settings.vala:527: Die Schlüsselwertedatei enthält nicht den Schlüssel »iGtk/ColorScheme«
** Message: settings.vala:527: Die Schlüsselwertedatei enthält nicht den Schlüssel »windows_manager/command«
** Message: settings.vala:527: Die Schlüsselwertedatei enthält nicht den Schlüssel »panel/command«
** Message: settings.vala:527: Die Schlüsselwertedatei enthält nicht den Schlüssel »dock/command«
** Message: settings.vala:527: Die Schlüsselwertedatei enthält nicht den Schlüssel »file_manager/command«
** Message: settings.vala:527: Die Schlüsselwertedatei enthält nicht den Schlüssel »desktop_manager/command«
** Message: settings.vala:527: Die Schlüsselwertedatei enthält nicht den Schlüssel »launcher_manager/autostart«
** Message: settings.vala:527: Die Schlüsselwertedatei enthält nicht den Schlüssel »composite_manager/command«
** Message: settings.vala:527: Die Schlüsselwertedatei enthält nicht den Schlüssel »im1/command«
** Message: settings.vala:527: Die Schlüsselwertedatei enthält nicht den Schlüssel »im2/command«
** Message: settings.vala:527: Die Schlüsselwertedatei enthält nicht den Schlüssel »widget1/command«
** Message: settings.vala:527: Die Schlüsselwertedatei enthält nicht den Schlüssel »notification/command«
** Message: settings.vala:527: Die Schlüsselwertedatei enthält nicht den Schlüssel »keybindings/command«
** Message: settings.vala:527: Die Schlüsselwertedatei enthält nicht den Schlüssel »screensaver/command«
** Message: settings.vala:527: Die Schlüsselwertedatei enthält nicht den Schlüssel »power_manager/command«
** Message: settings.vala:527: Die Schlüsselwertedatei enthält nicht den Schlüssel »audio_manager/command«
** Message: settings.vala:527: Die Schlüsselwertedatei enthält nicht den Schlüssel »workspace_manager/command«
** Message: settings.vala:527: Die Schlüsselwertedatei enthält nicht den Schlüssel »screenshot_manager/command«
** Message: settings.vala:527: Die Schlüsselwertedatei enthält nicht den Schlüssel »message_manager/command«
** Message: settings.vala:527: Die Schlüsselwertedatei enthält nicht den Schlüssel »upgrade_manager/command«
** Message: settings.vala:527: Die Schlüsselwertedatei enthält nicht den Schlüssel »upstart_user_session«
** Message: settings.vala:527: Die Schlüsselwertedatei enthält nicht den Schlüssel »proxy_manager/http«
** Message: settings.vala:527: Die Schlüsselwertedatei enthält nicht den Schlüssel »a11y/command«
** Message: settings.vala:527: Die Schlüsselwertedatei enthält nicht den Schlüssel »xrandr/command«
** Message: settings.vala:527: Die Schlüsselwertedatei enthält nicht den Schlüssel »network_gui/command«
** Message: settings.vala:527: Die Schlüsselwertedatei enthält nicht den Schlüssel »webbrowser/command«
** Message: settings.vala:527: Die Schlüsselwertedatei enthält nicht den Schlüssel »email/command«
** Message: settings.vala:527: Die Schlüsselwertedatei enthält nicht den Schlüssel »pdf_reader/command«
** Message: settings.vala:527: Die Schlüsselwertedatei enthält nicht den Schlüssel »video_player/command«
** Message: settings.vala:527: Die Schlüsselwertedatei enthält nicht den Schlüssel »audio_player/command«
** Message: settings.vala:527: Die Schlüsselwertedatei enthält nicht den Schlüssel »images_display/command«
** Message: settings.vala:527: Die Schlüsselwertedatei enthält nicht den Schlüssel »text_editor/command«
** Message: settings.vala:527: Die Schlüsselwertedatei enthält nicht den Schlüssel »archive/command«
** Message: settings.vala:527: Die Schlüsselwertedatei enthält nicht den Schlüssel »charmap/command«
** Message: settings.vala:527: Die Schlüsselwertedatei enthält nicht den Schlüssel »calculator/command«
** Message: settings.vala:527: Die Schlüsselwertedatei enthält nicht den Schlüssel »spreadsheet/command«
** Message: settings.vala:527: Die Schlüsselwertedatei enthält nicht den Schlüssel »bittorent/command«
** Message: settings.vala:527: Die Schlüsselwertedatei enthält nicht den Schlüssel »document/command«
** Message: settings.vala:527: Die Schlüsselwertedatei enthält nicht den Schlüssel »webcam/command«
** Message: settings.vala:527: Die Schlüsselwertedatei enthält nicht den Schlüssel »burn/command«
** Message: settings.vala:527: Die Schlüsselwertedatei enthält nicht den Schlüssel »notes/command«
** Message: settings.vala:527: Die Schlüsselwertedatei enthält nicht den Schlüssel »disk_utility/command«
** Message: settings.vala:527: Die Schlüsselwertedatei enthält nicht den Schlüssel »tasks/command«
** Message: settings.vala:527: Die Schlüsselwertedatei enthält nicht die Gruppe »Keymap«
** Message: settings.vala:527: Die Schlüsselwertedatei enthält nicht den Schlüssel »laptop_mode«
** Message: settings.vala:527: Die Schlüsselwertedatei enthält nicht den Schlüssel »gnome«
** Message: settings.vala:527: Die Schlüsselwertedatei enthält nicht die Gruppe »Updates«
** Message: settings.vala:527: Die Schlüsselwertedatei enthält nicht den Schlüssel »type«
** Message: settings.vala:449: Monitoring: /home/pi/.config/lxsession/LXDE-pi/desktop.conf
** Message: settings.vala:453: Desktop file is already in config home, do nothing
** Message: environement.vala:79: Exporting variable
** Message: environement.vala:80: desktop_environnement XDG_CURRENT_DESKTOP
** Message: environement.vala:176: custom_config :
** Message: environement.vala:177: config_dirs :/etc/xdg
** Message: environement.vala:178: confir_dirs not null, export : /etc/xdg
** Message: environement.vala:183: Exporting XDG_CONFIG_DIRS
** Message: environement.vala:217: custom_data :
** Message: environement.vala:218: data_dirs :/usr/local/share:/usr/share/raspi-ui-overrides:/usr/share:/usr/share/gdm:/var/lib/menu-xdg
** Message: environement.vala:219: data_dirs not null, export : /usr/local/share:/usr/share/raspi-ui-overrides:/usr/share:/usr/share/gdm:/var/lib/menu-xdg
** Message: environement.vala:224: Exporting XDG_DATA_DIRS
** Message: utils.vala:79: Config system location : /etc/xdg/lxsession/LXDE-pi
** Message: utils.vala:85: System system path location : /etc/xdg/lxsession/LXDE-pi/conffiles.conf
** Message: utils.vala:89: Final file used : /etc/xdg/lxsession/LXDE-pi/conffiles.conf
** Message: options.vala:164: Activate xsettings_manager build-in
** Message: utils.vala:68: User config used : /home/pi/.config/lxsession/LXDE-pi/desktop.conf
** Message: utils.vala:89: Final file used : /home/pi/.config/lxsession/LXDE-pi/desktop.conf
xprop:  no such property "_NET_NUMBER_OF_DESKTOPS"
xprop:  no such property "_NET_DESKTOP_NAMES"
** Message: app.vala:717: polkit separate
** Message: app.vala:717: polkit separate
** Message: app.vala:76: Launching lxpolkit 
** Message: utils.vala:68: User config used : /home/pi/.config/lxsession/LXDE-pi/autostart
** Message: utils.vala:89: Final file used : /home/pi/.config/lxsession/LXDE-pi/autostart
** Message: autostart.vala:42: Autostart path : /home/pi/.config/lxsession/LXDE-pi/autostart
** Message: app.vala:76: Launching lxpanel 
** Message: app.vala:76: Launching pcmanfm 

** (lxsession:686): WARNING **: app.vala:86: Kindprozess »xscreensaver« konnte nicht ausgeführt werden (Datei oder Verzeichnis nicht gefunden)

** (lxsession:686): WARNING **: app.vala:87: Error when launching xscreensaver
** Message: options.vala:107: Create build-in Clipboard
** Message: main.vala:429: Check keymap_mode (null)
** Message: app.vala:76: Launching /usr/bin/ssh-agent 
SSH_AUTH_SOCK=/tmp/ssh-Nbs7Vgl9cW7E/agent.744; export SSH_AUTH_SOCK;
SSH_AGENT_PID=746; export SSH_AGENT_PID;
echo Agent pid 746;
Obt-Message: Xinerama extension is not present on the server
** Message: app.vala:130: /usr/bin/ssh-agent exit with this type of exit: 0
Openbox-Message: Keine gültige Menü-Datei "/usr/share/lxde/openbox/menu.xml" vorhanden
** Message: x-terminal-emulator has very limited support, consider choose another terminal
** Message: x-terminal-emulator has very limited support, consider choose another terminal

(lxpanel:739): Gtk-CRITICAL **: IA__gtk_misc_set_alignment: assertion 'GTK_IS_MISC (misc)' failed

(lxpanel:739): Gtk-CRITICAL **: IA__gtk_misc_set_alignment: assertion 'GTK_IS_MISC (misc)' failed
** Message: Connecting ...
** Message: Status changed to down

(lxpanel:739): Gtk-CRITICAL **: IA__gtk_dialog_response: assertion 'GTK_IS_DIALOG (dialog)' failed
** Message: Status changed to opened
** Message: Connected to dhcpcd-6.7.1
** Message: Status changed to disconnected
** Message: eth0: Link is down
** Message: wlan0: Not associated
** Message: wlan0: Received scan results
** Message: wlan0: Received scan results
** Message: wlan0: Received scan results

(lxpanel:739): Gtk-CRITICAL **: IA__gtk_misc_set_alignment: assertion 'GTK_IS_MISC (misc)' failed

** (epiphany-browser:837): WARNING **: Error retrieving accessibility bus address: org.freedesktop.DBus.Error.ServiceUnknown: The name org.a11y.Bus was not provided by any .service files
** Message: wlan0: Received scan results
** Message: wlan0: Associated with Bahnhof 
** Message: Status changed to connecting
** Message: wlan0: Configured 192.168.2.102/24
** Message: Status changed to connected

(lxpanel:739): Gtk-CRITICAL **: IA__gtk_misc_set_alignment: assertion 'GTK_IS_MISC (misc)' failed
** Message: Remote error from secret service: org.freedesktop.DBus.Error.ServiceUnknown: The name org.freedesktop.secrets was not provided by any .service files

** (epiphany-browser:837): WARNING **: Error caching form data: The name org.freedesktop.secrets was not provided by any .service files
** Message: wlan0: Received scan results
** Message: wlan0: Received scan results
** Message: wlan0: Received scan results
** Message: wlan0: Received scan results
** Message: wlan0: Received scan results
